
*** Running vivado
    with args -log dist_mem_gen_5.vds -m64 -product Vivado -mode batch -messageDb vivado.pb -notrace -source dist_mem_gen_5.tcl



****** Vivado v2022.2 (64-bit)
  **** SW Build 3671981 on Fri Oct 14 05:00:03 MDT 2022
  **** IP Build 3669848 on Fri Oct 14 08:30:02 MDT 2022
    ** Copyright 1986-2022 Xilinx, Inc. All Rights Reserved.

source dist_mem_gen_5.tcl -notrace
create_project: Time (s): cpu = 00:00:06 ; elapsed = 00:00:06 . Memory (MB): peak = 381.277 ; gain = 43.285
INFO: [IP_Flow 19-234] Refreshing IP repositories
INFO: [IP_Flow 19-1700] Loaded user IP repository 'c:/Users/user/Downloads/hdmi_tx_1.0'.
INFO: [IP_Flow 19-2313] Loaded Vivado IP repository 'C:/Xilinx/Vivado/2022.2/data/ip'.
INFO: [IP_Flow 19-6924] IPCACHE: Running cache check for IP inst: dist_mem_gen_5
Command: synth_design -top dist_mem_gen_5 -part xc7s50csga324-1 -incremental_mode off -mode out_of_context
Starting synth_design
Attempting to get a license for feature 'Synthesis' and/or device 'xc7s50'
INFO: [Common 17-349] Got license for feature 'Synthesis' and/or device 'xc7s50'
INFO: [Device 21-403] Loading part xc7s50csga324-1
INFO: [Synth 8-7079] Multithreading enabled for synth_design using a maximum of 2 processes.
INFO: [Synth 8-7078] Launching helper process for spawning children vivado processes
INFO: [Synth 8-7075] Helper process launched with PID 17000
INFO: [Synth 8-11241] undeclared symbol 'REGCCE', assumed default net type 'wire' [C:/Xilinx/Vivado/2022.2/data/verilog/src/unimacro/BRAM_SINGLE_MACRO.v:2170]
---------------------------------------------------------------------------------
Starting RTL Elaboration : Time (s): cpu = 00:00:09 ; elapsed = 00:00:11 . Memory (MB): peak = 1194.141 ; gain = 408.488
---------------------------------------------------------------------------------
INFO: [Synth 8-638] synthesizing module 'dist_mem_gen_5' [c:/Users/user/Desktop/fall2023/ece385/audio_8/audio_1.gen/sources_1/ip/dist_mem_gen_5/synth/dist_mem_gen_5.vhd:66]
	Parameter C_FAMILY bound to: spartan7 - type: string 
	Parameter C_ADDR_WIDTH bound to: 14 - type: integer 
	Parameter C_DEFAULT_DATA bound to: 0 - type: string 
	Parameter C_DEPTH bound to: 12800 - type: integer 
	Parameter C_HAS_CLK bound to: 0 - type: integer 
	Parameter C_HAS_D bound to: 0 - type: integer 
	Parameter C_HAS_DPO bound to: 0 - type: integer 
	Parameter C_HAS_DPRA bound to: 0 - type: integer 
	Parameter C_HAS_I_CE bound to: 0 - type: integer 
	Parameter C_HAS_QDPO bound to: 0 - type: integer 
	Parameter C_HAS_QDPO_CE bound to: 0 - type: integer 
	Parameter C_HAS_QDPO_CLK bound to: 0 - type: integer 
	Parameter C_HAS_QDPO_RST bound to: 0 - type: integer 
	Parameter C_HAS_QDPO_SRST bound to: 0 - type: integer 
	Parameter C_HAS_QSPO bound to: 0 - type: integer 
	Parameter C_HAS_QSPO_CE bound to: 0 - type: integer 
	Parameter C_HAS_QSPO_RST bound to: 0 - type: integer 
	Parameter C_HAS_QSPO_SRST bound to: 0 - type: integer 
	Parameter C_HAS_SPO bound to: 1 - type: integer 
	Parameter C_HAS_WE bound to: 0 - type: integer 
	Parameter C_MEM_INIT_FILE bound to: dist_mem_gen_5.mif - type: string 
	Parameter C_ELABORATION_DIR bound to: ./ - type: string 
	Parameter C_MEM_TYPE bound to: 0 - type: integer 
	Parameter C_PIPELINE_STAGES bound to: 0 - type: integer 
	Parameter C_QCE_JOINED bound to: 0 - type: integer 
	Parameter C_QUALIFY_WE bound to: 0 - type: integer 
	Parameter C_READ_MIF bound to: 1 - type: integer 
	Parameter C_REG_A_D_INPUTS bound to: 0 - type: integer 
	Parameter C_REG_DPRA_INPUT bound to: 0 - type: integer 
	Parameter C_SYNC_ENABLE bound to: 1 - type: integer 
	Parameter C_WIDTH bound to: 4 - type: integer 
	Parameter C_PARSER_TYPE bound to: 1 - type: integer 
INFO: [Synth 8-3491] module 'dist_mem_gen_v8_0_13' declared at 'c:/Users/user/Desktop/fall2023/ece385/audio_8/audio_1.gen/sources_1/ip/dist_mem_gen_5/hdl/dist_mem_gen_v8_0_vhsyn_rfs.vhd:3237' bound to instance 'U0' of component 'dist_mem_gen_v8_0_13' [c:/Users/user/Desktop/fall2023/ece385/audio_8/audio_1.gen/sources_1/ip/dist_mem_gen_5/synth/dist_mem_gen_5.vhd:132]
INFO: [Synth 8-256] done synthesizing module 'dist_mem_gen_5' (0#1) [c:/Users/user/Desktop/fall2023/ece385/audio_8/audio_1.gen/sources_1/ip/dist_mem_gen_5/synth/dist_mem_gen_5.vhd:66]
WARNING: [Synth 8-7129] Port qspo[3] in module rom is either unconnected or has no load
WARNING: [Synth 8-7129] Port qspo[2] in module rom is either unconnected or has no load
WARNING: [Synth 8-7129] Port qspo[1] in module rom is either unconnected or has no load
WARNING: [Synth 8-7129] Port qspo[0] in module rom is either unconnected or has no load
WARNING: [Synth 8-7129] Port clk in module rom is either unconnected or has no load
WARNING: [Synth 8-7129] Port qspo_ce in module rom is either unconnected or has no load
WARNING: [Synth 8-7129] Port qspo_rst in module rom is either unconnected or has no load
WARNING: [Synth 8-7129] Port qspo_srst in module rom is either unconnected or has no load
WARNING: [Synth 8-7129] Port dpo[3] in module dist_mem_gen_v8_0_13_synth is either unconnected or has no load
WARNING: [Synth 8-7129] Port dpo[2] in module dist_mem_gen_v8_0_13_synth is either unconnected or has no load
WARNING: [Synth 8-7129] Port dpo[1] in module dist_mem_gen_v8_0_13_synth is either unconnected or has no load
WARNING: [Synth 8-7129] Port dpo[0] in module dist_mem_gen_v8_0_13_synth is either unconnected or has no load
WARNING: [Synth 8-7129] Port qdpo[3] in module dist_mem_gen_v8_0_13_synth is either unconnected or has no load
WARNING: [Synth 8-7129] Port qdpo[2] in module dist_mem_gen_v8_0_13_synth is either unconnected or has no load
WARNING: [Synth 8-7129] Port qdpo[1] in module dist_mem_gen_v8_0_13_synth is either unconnected or has no load
WARNING: [Synth 8-7129] Port qdpo[0] in module dist_mem_gen_v8_0_13_synth is either unconnected or has no load
WARNING: [Synth 8-7129] Port d[3] in module dist_mem_gen_v8_0_13_synth is either unconnected or has no load
WARNING: [Synth 8-7129] Port d[2] in module dist_mem_gen_v8_0_13_synth is either unconnected or has no load
WARNING: [Synth 8-7129] Port d[1] in module dist_mem_gen_v8_0_13_synth is either unconnected or has no load
WARNING: [Synth 8-7129] Port d[0] in module dist_mem_gen_v8_0_13_synth is either unconnected or has no load
WARNING: [Synth 8-7129] Port dpra[13] in module dist_mem_gen_v8_0_13_synth is either unconnected or has no load
WARNING: [Synth 8-7129] Port dpra[12] in module dist_mem_gen_v8_0_13_synth is either unconnected or has no load
WARNING: [Synth 8-7129] Port dpra[11] in module dist_mem_gen_v8_0_13_synth is either unconnected or has no load
WARNING: [Synth 8-7129] Port dpra[10] in module dist_mem_gen_v8_0_13_synth is either unconnected or has no load
WARNING: [Synth 8-7129] Port dpra[9] in module dist_mem_gen_v8_0_13_synth is either unconnected or has no load
WARNING: [Synth 8-7129] Port dpra[8] in module dist_mem_gen_v8_0_13_synth is either unconnected or has no load
WARNING: [Synth 8-7129] Port dpra[7] in module dist_mem_gen_v8_0_13_synth is either unconnected or has no load
WARNING: [Synth 8-7129] Port dpra[6] in module dist_mem_gen_v8_0_13_synth is either unconnected or has no load
WARNING: [Synth 8-7129] Port dpra[5] in module dist_mem_gen_v8_0_13_synth is either unconnected or has no load
WARNING: [Synth 8-7129] Port dpra[4] in module dist_mem_gen_v8_0_13_synth is either unconnected or has no load
WARNING: [Synth 8-7129] Port dpra[3] in module dist_mem_gen_v8_0_13_synth is either unconnected or has no load
WARNING: [Synth 8-7129] Port dpra[2] in module dist_mem_gen_v8_0_13_synth is either unconnected or has no load
WARNING: [Synth 8-7129] Port dpra[1] in module dist_mem_gen_v8_0_13_synth is either unconnected or has no load
WARNING: [Synth 8-7129] Port dpra[0] in module dist_mem_gen_v8_0_13_synth is either unconnected or has no load
WARNING: [Synth 8-7129] Port we in module dist_mem_gen_v8_0_13_synth is either unconnected or has no load
WARNING: [Synth 8-7129] Port i_ce in module dist_mem_gen_v8_0_13_synth is either unconnected or has no load
WARNING: [Synth 8-7129] Port qdpo_ce in module dist_mem_gen_v8_0_13_synth is either unconnected or has no load
WARNING: [Synth 8-7129] Port qdpo_clk in module dist_mem_gen_v8_0_13_synth is either unconnected or has no load
WARNING: [Synth 8-7129] Port qdpo_rst in module dist_mem_gen_v8_0_13_synth is either unconnected or has no load
WARNING: [Synth 8-7129] Port qdpo_srst in module dist_mem_gen_v8_0_13_synth is either unconnected or has no load
WARNING: [Synth 8-7129] Port d[3] in module dist_mem_gen_v8_0_13 is either unconnected or has no load
WARNING: [Synth 8-7129] Port d[2] in module dist_mem_gen_v8_0_13 is either unconnected or has no load
WARNING: [Synth 8-7129] Port d[1] in module dist_mem_gen_v8_0_13 is either unconnected or has no load
WARNING: [Synth 8-7129] Port d[0] in module dist_mem_gen_v8_0_13 is either unconnected or has no load
WARNING: [Synth 8-7129] Port dpra[13] in module dist_mem_gen_v8_0_13 is either unconnected or has no load
WARNING: [Synth 8-7129] Port dpra[12] in module dist_mem_gen_v8_0_13 is either unconnected or has no load
WARNING: [Synth 8-7129] Port dpra[11] in module dist_mem_gen_v8_0_13 is either unconnected or has no load
WARNING: [Synth 8-7129] Port dpra[10] in module dist_mem_gen_v8_0_13 is either unconnected or has no load
WARNING: [Synth 8-7129] Port dpra[9] in module dist_mem_gen_v8_0_13 is either unconnected or has no load
WARNING: [Synth 8-7129] Port dpra[8] in module dist_mem_gen_v8_0_13 is either unconnected or has no load
WARNING: [Synth 8-7129] Port dpra[7] in module dist_mem_gen_v8_0_13 is either unconnected or has no load
WARNING: [Synth 8-7129] Port dpra[6] in module dist_mem_gen_v8_0_13 is either unconnected or has no load
WARNING: [Synth 8-7129] Port dpra[5] in module dist_mem_gen_v8_0_13 is either unconnected or has no load
WARNING: [Synth 8-7129] Port dpra[4] in module dist_mem_gen_v8_0_13 is either unconnected or has no load
WARNING: [Synth 8-7129] Port dpra[3] in module dist_mem_gen_v8_0_13 is either unconnected or has no load
WARNING: [Synth 8-7129] Port dpra[2] in module dist_mem_gen_v8_0_13 is either unconnected or has no load
WARNING: [Synth 8-7129] Port dpra[1] in module dist_mem_gen_v8_0_13 is either unconnected or has no load
WARNING: [Synth 8-7129] Port dpra[0] in module dist_mem_gen_v8_0_13 is either unconnected or has no load
WARNING: [Synth 8-7129] Port clk in module dist_mem_gen_v8_0_13 is either unconnected or has no load
WARNING: [Synth 8-7129] Port we in module dist_mem_gen_v8_0_13 is either unconnected or has no load
WARNING: [Synth 8-7129] Port i_ce in module dist_mem_gen_v8_0_13 is either unconnected or has no load
WARNING: [Synth 8-7129] Port qspo_ce in module dist_mem_gen_v8_0_13 is either unconnected or has no load
WARNING: [Synth 8-7129] Port qdpo_ce in module dist_mem_gen_v8_0_13 is either unconnected or has no load
WARNING: [Synth 8-7129] Port qdpo_clk in module dist_mem_gen_v8_0_13 is either unconnected or has no load
WARNING: [Synth 8-7129] Port qspo_rst in module dist_mem_gen_v8_0_13 is either unconnected or has no load
WARNING: [Synth 8-7129] Port qdpo_rst in module dist_mem_gen_v8_0_13 is either unconnected or has no load
WARNING: [Synth 8-7129] Port qspo_srst in module dist_mem_gen_v8_0_13 is either unconnected or has no load
WARNING: [Synth 8-7129] Port qdpo_srst in module dist_mem_gen_v8_0_13 is either unconnected or has no load
---------------------------------------------------------------------------------
Finished RTL Elaboration : Time (s): cpu = 00:00:27 ; elapsed = 00:00:30 . Memory (MB): peak = 1504.262 ; gain = 718.609
---------------------------------------------------------------------------------
---------------------------------------------------------------------------------
Start Handling Custom Attributes
---------------------------------------------------------------------------------
---------------------------------------------------------------------------------
Finished Handling Custom Attributes : Time (s): cpu = 00:00:27 ; elapsed = 00:00:30 . Memory (MB): peak = 1504.262 ; gain = 718.609
---------------------------------------------------------------------------------
---------------------------------------------------------------------------------
Finished RTL Optimization Phase 1 : Time (s): cpu = 00:00:27 ; elapsed = 00:00:30 . Memory (MB): peak = 1504.262 ; gain = 718.609
---------------------------------------------------------------------------------
Netlist sorting complete. Time (s): cpu = 00:00:00 ; elapsed = 00:00:00 . Memory (MB): peak = 1504.262 ; gain = 0.000
INFO: [Project 1-570] Preparing netlist for logic optimization

Processing XDC Constraints
Initializing timing engine
Parsing XDC File [c:/Users/user/Desktop/fall2023/ece385/audio_8/audio_1.gen/sources_1/ip/dist_mem_gen_5/dist_mem_gen_5_ooc.xdc] for cell 'U0'
Finished Parsing XDC File [c:/Users/user/Desktop/fall2023/ece385/audio_8/audio_1.gen/sources_1/ip/dist_mem_gen_5/dist_mem_gen_5_ooc.xdc] for cell 'U0'
Parsing XDC File [C:/Users/user/Desktop/fall2023/ece385/audio_8/audio_1.runs/dist_mem_gen_5_synth_1/dont_touch.xdc]
Finished Parsing XDC File [C:/Users/user/Desktop/fall2023/ece385/audio_8/audio_1.runs/dist_mem_gen_5_synth_1/dont_touch.xdc]
Completed Processing XDC Constraints

Netlist sorting complete. Time (s): cpu = 00:00:00 ; elapsed = 00:00:00 . Memory (MB): peak = 1504.262 ; gain = 0.000
INFO: [Project 1-111] Unisim Transformation Summary:
No Unisim elements were transformed.

Constraint Validation Runtime : Time (s): cpu = 00:00:00 ; elapsed = 00:00:00.059 . Memory (MB): peak = 1504.262 ; gain = 0.000
INFO: [Designutils 20-5008] Incremental synthesis strategy off
INFO: [Synth 8-11241] undeclared symbol 'REGCCE', assumed default net type 'wire' [C:/Xilinx/Vivado/2022.2/data/verilog/src/unimacro/BRAM_SINGLE_MACRO.v:2170]
---------------------------------------------------------------------------------
Finished Constraint Validation : Time (s): cpu = 00:00:37 ; elapsed = 00:00:41 . Memory (MB): peak = 1504.262 ; gain = 718.609
---------------------------------------------------------------------------------
---------------------------------------------------------------------------------
Start Loading Part and Timing Information
---------------------------------------------------------------------------------
Loading part: xc7s50csga324-1
---------------------------------------------------------------------------------
Finished Loading Part and Timing Information : Time (s): cpu = 00:00:37 ; elapsed = 00:00:41 . Memory (MB): peak = 1504.262 ; gain = 718.609
---------------------------------------------------------------------------------
---------------------------------------------------------------------------------
Start Applying 'set_property' XDC Constraints
---------------------------------------------------------------------------------
Applied set_property KEEP_HIERARCHY = SOFT for U0. (constraint file  C:/Users/user/Desktop/fall2023/ece385/audio_8/audio_1.runs/dist_mem_gen_5_synth_1/dont_touch.xdc, line 9).
---------------------------------------------------------------------------------
Finished applying 'set_property' XDC Constraints : Time (s): cpu = 00:00:37 ; elapsed = 00:00:41 . Memory (MB): peak = 1504.262 ; gain = 718.609
---------------------------------------------------------------------------------
---------------------------------------------------------------------------------
Finished RTL Optimization Phase 2 : Time (s): cpu = 00:00:40 ; elapsed = 00:00:44 . Memory (MB): peak = 1504.262 ; gain = 718.609
---------------------------------------------------------------------------------
---------------------------------------------------------------------------------
Start RTL Component Statistics 
---------------------------------------------------------------------------------
Detailed RTL Component Info : 
---------------------------------------------------------------------------------
Finished RTL Component Statistics 
---------------------------------------------------------------------------------
---------------------------------------------------------------------------------
Start Part Resource Summary
---------------------------------------------------------------------------------
Part Resources:
DSPs: 120 (col length:60)
BRAMs: 150 (col length: RAMB18 60 RAMB36 30)
---------------------------------------------------------------------------------
Finished Part Resource Summary
---------------------------------------------------------------------------------
---------------------------------------------------------------------------------
Start Cross Boundary and Area Optimization
---------------------------------------------------------------------------------
WARNING: [Synth 8-7080] Parallel synthesis criteria is not met
WARNING: [Synth 8-7129] Port dpo[3] in module dist_mem_gen_v8_0_13 is either unconnected or has no load
WARNING: [Synth 8-7129] Port dpo[2] in module dist_mem_gen_v8_0_13 is either unconnected or has no load
WARNING: [Synth 8-7129] Port dpo[1] in module dist_mem_gen_v8_0_13 is either unconnected or has no load
WARNING: [Synth 8-7129] Port dpo[0] in module dist_mem_gen_v8_0_13 is either unconnected or has no load
WARNING: [Synth 8-7129] Port qspo[3] in module dist_mem_gen_v8_0_13 is either unconnected or has no load
WARNING: [Synth 8-7129] Port qspo[2] in module dist_mem_gen_v8_0_13 is either unconnected or has no load
WARNING: [Synth 8-7129] Port qspo[1] in module dist_mem_gen_v8_0_13 is either unconnected or has no load
WARNING: [Synth 8-7129] Port qspo[0] in module dist_mem_gen_v8_0_13 is either unconnected or has no load
WARNING: [Synth 8-7129] Port qdpo[3] in module dist_mem_gen_v8_0_13 is either unconnected or has no load
WARNING: [Synth 8-7129] Port qdpo[2] in module dist_mem_gen_v8_0_13 is either unconnected or has no load
WARNING: [Synth 8-7129] Port qdpo[1] in module dist_mem_gen_v8_0_13 is either unconnected or has no load
WARNING: [Synth 8-7129] Port qdpo[0] in module dist_mem_gen_v8_0_13 is either unconnected or has no load
WARNING: [Synth 8-7129] Port d[3] in module dist_mem_gen_v8_0_13 is either unconnected or has no load
WARNING: [Synth 8-7129] Port d[2] in module dist_mem_gen_v8_0_13 is either unconnected or has no load
WARNING: [Synth 8-7129] Port d[1] in module dist_mem_gen_v8_0_13 is either unconnected or has no load
WARNING: [Synth 8-7129] Port d[0] in module dist_mem_gen_v8_0_13 is either unconnected or has no load
WARNING: [Synth 8-7129] Port dpra[13] in module dist_mem_gen_v8_0_13 is either unconnected or has no load
WARNING: [Synth 8-7129] Port dpra[12] in module dist_mem_gen_v8_0_13 is either unconnected or has no load
WARNING: [Synth 8-7129] Port dpra[11] in module dist_mem_gen_v8_0_13 is either unconnected or has no load
WARNING: [Synth 8-7129] Port dpra[10] in module dist_mem_gen_v8_0_13 is either unconnected or has no load
WARNING: [Synth 8-7129] Port dpra[9] in module dist_mem_gen_v8_0_13 is either unconnected or has no load
WARNING: [Synth 8-7129] Port dpra[8] in module dist_mem_gen_v8_0_13 is either unconnected or has no load
WARNING: [Synth 8-7129] Port dpra[7] in module dist_mem_gen_v8_0_13 is either unconnected or has no load
WARNING: [Synth 8-7129] Port dpra[6] in module dist_mem_gen_v8_0_13 is either unconnected or has no load
WARNING: [Synth 8-7129] Port dpra[5] in module dist_mem_gen_v8_0_13 is either unconnected or has no load
WARNING: [Synth 8-7129] Port dpra[4] in module dist_mem_gen_v8_0_13 is either unconnected or has no load
WARNING: [Synth 8-7129] Port dpra[3] in module dist_mem_gen_v8_0_13 is either unconnected or has no load
WARNING: [Synth 8-7129] Port dpra[2] in module dist_mem_gen_v8_0_13 is either unconnected or has no load
WARNING: [Synth 8-7129] Port dpra[1] in module dist_mem_gen_v8_0_13 is either unconnected or has no load
WARNING: [Synth 8-7129] Port dpra[0] in module dist_mem_gen_v8_0_13 is either unconnected or has no load
WARNING: [Synth 8-7129] Port clk in module dist_mem_gen_v8_0_13 is either unconnected or has no load
WARNING: [Synth 8-7129] Port we in module dist_mem_gen_v8_0_13 is either unconnected or has no load
INFO: [Common 17-14] Message 'Synth 8-7129' appears 100 times and further instances of the messages will be disabled. Use the Tcl command set_msg_config to change the current settings.
---------------------------------------------------------------------------------
Finished Cross Boundary and Area Optimization : Time (s): cpu = 00:01:21 ; elapsed = 00:01:27 . Memory (MB): peak = 1506.816 ; gain = 721.164
---------------------------------------------------------------------------------
---------------------------------------------------------------------------------
Start ROM, RAM, DSP, Shift Register and Retiming Reporting
---------------------------------------------------------------------------------

ROM: Preliminary Mapping Report
+------------+------------+---------------+----------------+
|Module Name | RTL Object | Depth x Width | Implemented As | 
+------------+------------+---------------+----------------+
|rom         | rom[12799] | 16384x4       | LUT            | 
+------------+------------+---------------+----------------+

---------------------------------------------------------------------------------
Finished ROM, RAM, DSP, Shift Register and Retiming Reporting
---------------------------------------------------------------------------------
---------------------------------------------------------------------------------
Start Applying XDC Timing Constraints
---------------------------------------------------------------------------------
---------------------------------------------------------------------------------
Finished Applying XDC Timing Constraints : Time (s): cpu = 00:01:33 ; elapsed = 00:01:40 . Memory (MB): peak = 1506.816 ; gain = 721.164
---------------------------------------------------------------------------------
---------------------------------------------------------------------------------
Start Timing Optimization
---------------------------------------------------------------------------------
---------------------------------------------------------------------------------
Finished Timing Optimization : Time (s): cpu = 00:01:36 ; elapsed = 00:01:43 . Memory (MB): peak = 1506.816 ; gain = 721.164
---------------------------------------------------------------------------------
---------------------------------------------------------------------------------
Start Technology Mapping
---------------------------------------------------------------------------------
---------------------------------------------------------------------------------
Finished Technology Mapping : Time (s): cpu = 00:01:38 ; elapsed = 00:01:46 . Memory (MB): peak = 1506.816 ; gain = 721.164
---------------------------------------------------------------------------------
---------------------------------------------------------------------------------
Start IO Insertion
---------------------------------------------------------------------------------
---------------------------------------------------------------------------------
Start Flattening Before IO Insertion
---------------------------------------------------------------------------------
---------------------------------------------------------------------------------
Finished Flattening Before IO Insertion
---------------------------------------------------------------------------------
---------------------------------------------------------------------------------
Start Final Netlist Cleanup
---------------------------------------------------------------------------------
---------------------------------------------------------------------------------
Finished Final Netlist Cleanup
---------------------------------------------------------------------------------
---------------------------------------------------------------------------------
Finished IO Insertion : Time (s): cpu = 00:01:47 ; elapsed = 00:01:55 . Memory (MB): peak = 1506.816 ; gain = 721.164
---------------------------------------------------------------------------------
---------------------------------------------------------------------------------
Start Renaming Generated Instances
---------------------------------------------------------------------------------
---------------------------------------------------------------------------------
Finished Renaming Generated Instances : Time (s): cpu = 00:01:47 ; elapsed = 00:01:55 . Memory (MB): peak = 1506.816 ; gain = 721.164
---------------------------------------------------------------------------------
---------------------------------------------------------------------------------
Start Rebuilding User Hierarchy
---------------------------------------------------------------------------------
---------------------------------------------------------------------------------
Finished Rebuilding User Hierarchy : Time (s): cpu = 00:01:47 ; elapsed = 00:01:55 . Memory (MB): peak = 1506.816 ; gain = 721.164
---------------------------------------------------------------------------------
---------------------------------------------------------------------------------
Start Renaming Generated Ports
---------------------------------------------------------------------------------
---------------------------------------------------------------------------------
Finished Renaming Generated Ports : Time (s): cpu = 00:01:47 ; elapsed = 00:01:55 . Memory (MB): peak = 1506.816 ; gain = 721.164
---------------------------------------------------------------------------------
---------------------------------------------------------------------------------
Start Handling Custom Attributes
---------------------------------------------------------------------------------
---------------------------------------------------------------------------------
Finished Handling Custom Attributes : Time (s): cpu = 00:01:47 ; elapsed = 00:01:55 . Memory (MB): peak = 1506.816 ; gain = 721.164
---------------------------------------------------------------------------------
---------------------------------------------------------------------------------
Start Renaming Generated Nets
---------------------------------------------------------------------------------
---------------------------------------------------------------------------------
Finished Renaming Generated Nets : Time (s): cpu = 00:01:47 ; elapsed = 00:01:55 . Memory (MB): peak = 1506.816 ; gain = 721.164
---------------------------------------------------------------------------------
---------------------------------------------------------------------------------
Start Writing Synthesis Report
---------------------------------------------------------------------------------

Report BlackBoxes: 
+-+--------------+----------+
| |BlackBox name |Instances |
+-+--------------+----------+
+-+--------------+----------+

Report Cell Usage: 
+------+------+------+
|      |Cell  |Count |
+------+------+------+
|1     |LUT4  |     1|
|2     |LUT5  |    12|
|3     |LUT6  |   870|
|4     |MUXF7 |   381|
|5     |MUXF8 |    12|
+------+------+------+
---------------------------------------------------------------------------------
Finished Writing Synthesis Report : Time (s): cpu = 00:01:47 ; elapsed = 00:01:55 . Memory (MB): peak = 1506.816 ; gain = 721.164
---------------------------------------------------------------------------------
Synthesis finished with 0 errors, 0 critical warnings and 41 warnings.
Synthesis Optimization Runtime : Time (s): cpu = 00:01:18 ; elapsed = 00:01:52 . Memory (MB): peak = 1506.816 ; gain = 721.164
Synthesis Optimization Complete : Time (s): cpu = 00:01:47 ; elapsed = 00:01:55 . Memory (MB): peak = 1506.816 ; gain = 721.164
INFO: [Project 1-571] Translating synthesized netlist
Netlist sorting complete. Time (s): cpu = 00:00:00 ; elapsed = 00:00:00.022 . Memory (MB): peak = 1506.816 ; gain = 0.000
INFO: [Netlist 29-17] Analyzing 393 Unisim elements for replacement
INFO: [Netlist 29-28] Unisim Transformation completed in 0 CPU seconds
WARNING: [Netlist 29-101] Netlist 'dist_mem_gen_5' is not ideal for floorplanning, since the cellview 'dist_mem_gen_v8_0_13' contains a large number of primitives.  Please consider enabling hierarchy in synthesis if you want to do floorplanning.
INFO: [Project 1-570] Preparing netlist for logic optimization
INFO: [Opt 31-138] Pushed 0 inverter(s) to 0 load pin(s).
Netlist sorting complete. Time (s): cpu = 00:00:00 ; elapsed = 00:00:00 . Memory (MB): peak = 1509.262 ; gain = 0.000
INFO: [Project 1-111] Unisim Transformation Summary:
No Unisim elements were transformed.

Synth Design complete, checksum: fec3c83c
INFO: [Common 17-83] Releasing license: Synthesis
25 Infos, 102 Warnings, 0 Critical Warnings and 0 Errors encountered.
synth_design completed successfully
synth_design: Time (s): cpu = 00:01:55 ; elapsed = 00:02:26 . Memory (MB): peak = 1509.262 ; gain = 1098.039
INFO: [Common 17-1381] The checkpoint 'C:/Users/user/Desktop/fall2023/ece385/audio_8/audio_1.runs/dist_mem_gen_5_synth_1/dist_mem_gen_5.dcp' has been generated.
INFO: [Coretcl 2-1648] Added synthesis output to IP cache for IP dist_mem_gen_5, cache-ID = 3211f7a391d0f660
INFO: [Common 17-1381] The checkpoint 'C:/Users/user/Desktop/fall2023/ece385/audio_8/audio_1.runs/dist_mem_gen_5_synth_1/dist_mem_gen_5.dcp' has been generated.
INFO: [runtcl-4] Executing : report_utilization -file dist_mem_gen_5_utilization_synth.rpt -pb dist_mem_gen_5_utilization_synth.pb
INFO: [Common 17-206] Exiting Vivado at Wed Dec  6 15:54:38 2023...
